Case #1: 1 0
Case #2: 1 0
Case #3: 1 1
Case #4: 0 0
Case #5: 500 499
Case #6: 250 249
Case #7: 1 1
Case #8: 0 0
Case #9: 0 0
Case #10: 1 0
Case #11: 1 0
Case #12: 1 0
Case #13: 0 0
Case #14: 1 0
Case #15: 0 0
Case #16: 499 499
Case #17: 0 0
Case #18: 1 1
Case #19: 1 0
Case #20: 250 249
Case #21: 0 0
Case #22: 3 2
Case #23: 0 0
Case #24: 1 0
Case #25: 0 0
Case #26: 0 0
Case #27: 0 0
Case #28: 0 0
Case #29: 1 0
Case #30: 1 0
Case #31: 1 0
Case #32: 0 0
Case #33: 0 0
Case #34: 0 0
Case #35: 0 0
Case #36: 125 124
Case #37: 0 0
Case #38: 3 3
Case #39: 0 0
Case #40: 0 0
Case #41: 7 6
Case #42: 0 0
Case #43: 0 0
Case #44: 0 0
Case #45: 0 0
Case #46: 0 0
Case #47: 0 0
Case #48: 1 0
Case #49: 2 1
Case #50: 1 0
Case #51: 1 1
Case #52: 0 0
Case #53: 3 2
Case #54: 0 0
Case #55: 0 0
Case #56: 3 3
Case #57: 0 0
Case #58: 0 0
Case #59: 1 0
Case #60: 1 0
Case #61: 1 1
Case #62: 3 2
Case #63: 249 249
Case #64: 0 0
Case #65: 2 2
Case #66: 0 0
Case #67: 1 1
Case #68: 0 0
Case #69: 0 0
Case #70: 7 6
Case #71: 1 1
Case #72: 0 0
Case #73: 0 0
Case #74: 0 0
Case #75: 0 0
Case #76: 0 0
Case #77: 0 0
Case #78: 1 0
Case #79: 0 0
Case #80: 1 0
Case #81: 0 0
Case #82: 0 0
Case #83: 0 0
Case #84: 3 3
Case #85: 1 1
Case #86: 1 1
Case #87: 0 0
Case #88: 1 1
Case #89: 1 0
Case #90: 1 1
Case #91: 0 0
Case #92: 1 0
Case #93: 0 0
Case #94: 3 2
Case #95: 0 0
Case #96: 3 3
Case #97: 0 0
Case #98: 0 0
Case #99: 1 0
Case #100: 0 0